<?xml version="1.0" encoding="UTF-8"?>
<!-- Generated by org.testng.reporters.JUnitReportReporter -->
<testsuite hostname="DESKTOP-027MQ7S" failures="0" tests="1" name="FrameworkTestCases.TestCases" time="3.276" errors="0" timestamp="2024-08-29T19:54:20 IST" skipped="0">
  <testcase classname="FrameworkTestCases.TestCases" name="Login" time="3.276"/>
  <system-out/>
</testsuite> <!-- FrameworkTestCases.TestCases -->
