<?xml version="1.0" encoding="UTF-8"?>
<!-- Generated by org.testng.reporters.JUnitReportReporter -->
<testsuite hostname="DESKTOP-027MQ7S" failures="0" tests="5" name="Testngnew.UsernameAndPassword" time="6.720" errors="0" timestamp="2024-08-08T12:07:50 IST" skipped="0">
  <testcase classname="Testngnew.UsernameAndPassword" name="LaunchingUrl" time="6.000"/>
  <system-out/>
  <testcase classname="Testngnew.UsernameAndPassword" name="Username" time="0.463"/>
  <system-out/>
  <testcase classname="Testngnew.UsernameAndPassword" name="UsernameEnabled" time="0.039"/>
  <system-out/>
  <testcase classname="Testngnew.UsernameAndPassword" name="Placeholder" time="0.046"/>
  <system-out/>
  <testcase classname="Testngnew.UsernameAndPassword" name="UsernameLength" time="0.172"/>
  <system-out/>
</testsuite> <!-- Testngnew.UsernameAndPassword -->
