<?xml version="1.0" encoding="UTF-8"?>
<!-- Generated by org.testng.reporters.JUnitReportReporter -->
<testsuite hostname="DESKTOP-027MQ7S" failures="0" tests="1" name="urlscripts.VerifyUrlwithParameters" time="17.021" errors="0" timestamp="2024-08-05T20:22:20 IST" skipped="0">
  <testcase classname="urlscripts.VerifyUrlwithParameters" name="UrlParameter" time="17.021"/>
  <system-out/>
</testsuite> <!-- urlscripts.VerifyUrlwithParameters -->
