<?xml version="1.0" encoding="UTF-8"?>
<!-- Generated by org.testng.reporters.JUnitReportReporter -->
<testsuite hostname="DESKTOP-027MQ7S" failures="0" tests="8" name="VerifyUrlWithAssertions.PageTitle" time="4.037" errors="0" timestamp="2024-08-10T11:50:57 IST" skipped="0">
  <testcase classname="VerifyUrlWithAssertions.PageTitle" name="PageTitle" time="0.029"/>
  <system-out/>
  <testcase classname="VerifyUrlWithAssertions.PageTitle" name="Logo" time="3.194"/>
  <system-out/>
  <testcase classname="VerifyUrlWithAssertions.PageTitle" name="Username" time="0.069"/>
  <system-out/>
  <testcase classname="VerifyUrlWithAssertions.PageTitle" name="UserNamePlaceholder" time="0.037"/>
  <system-out/>
  <testcase classname="VerifyUrlWithAssertions.PageTitle" name="UsernameLength" time="0.082"/>
  <system-out/>
  <testcase classname="VerifyUrlWithAssertions.PageTitle" name="UsernameIcon" time="0.047"/>
  <system-out/>
  <testcase classname="VerifyUrlWithAssertions.PageTitle" name="Screenshot" time="0.249"/>
  <system-out/>
  <testcase classname="VerifyUrlWithAssertions.PageTitle" name="LogoScreenshot" time="0.330"/>
  <system-out/>
</testsuite> <!-- VerifyUrlWithAssertions.PageTitle -->
