<?xml version="1.0" encoding="UTF-8"?>
<!-- Generated by org.testng.reporters.JUnitReportReporter -->
<testsuite hostname="DESKTOP-027MQ7S" failures="0" tests="1" name="urlscripts.VerifyRedirect" time="10.037" errors="0" timestamp="2024-08-05T20:22:20 IST" skipped="0">
  <testcase classname="urlscripts.VerifyRedirect" name="Redirect" time="10.037"/>
  <system-out/>
</testsuite> <!-- urlscripts.VerifyRedirect -->
