<?xml version="1.0" encoding="UTF-8"?>
<!-- Generated by org.testng.reporters.JUnitReportReporter -->
<testsuite hostname="DESKTOP-027MQ7S" failures="0" tests="1" name="FrameworkTestCases.LoginTest" time="2.216" errors="0" timestamp="2024-09-21T15:21:27 IST" skipped="0">
  <testcase classname="FrameworkTestCases.LoginTest" name="Login" time="2.216"/>
  <system-out/>
</testsuite> <!-- FrameworkTestCases.LoginTest -->
