<?xml version="1.0" encoding="UTF-8"?>
<!-- Generated by org.testng.reporters.JUnitReportReporter -->
<testsuite hostname="DESKTOP-027MQ7S" failures="0" tests="1" name="urlscripts.VerifyCurrentUrl" time="10.893" errors="0" timestamp="2024-08-05T20:22:20 IST" skipped="0">
  <testcase classname="urlscripts.VerifyCurrentUrl" name="CurrentUrl" time="10.893"/>
  <system-out/>
</testsuite> <!-- urlscripts.VerifyCurrentUrl -->
