<?xml version="1.0" encoding="UTF-8"?>
<!-- Generated by org.testng.reporters.JUnitReportReporter -->
<testsuite hostname="DESKTOP-027MQ7S" failures="0" tests="1" name="POM.loginClass" time="3.435" errors="0" timestamp="2024-08-16T14:16:00 IST" skipped="0">
  <testcase classname="POM.loginClass" name="testLogin" time="3.435"/>
  <system-out/>
</testsuite> <!-- POM.loginClass -->
