<?xml version="1.0" encoding="UTF-8"?>
<!-- Generated by org.testng.reporters.JUnitReportReporter -->
<testsuite hostname="DESKTOP-027MQ7S" failures="0" tests="2" name="FrameworkTestCases.HomeSearchFunctionality" time="12.990" errors="0" timestamp="2024-09-03T10:33:55 IST" skipped="0">
  <testcase classname="FrameworkTestCases.HomeSearchFunctionality" name="Login" time="2.641"/>
  <system-out/>
  <testcase classname="FrameworkTestCases.HomeSearchFunctionality" name="SearchFunctionality" time="10.349"/>
  <system-out/>
</testsuite> <!-- FrameworkTestCases.HomeSearchFunctionality -->
