<?xml version="1.0" encoding="UTF-8"?>
<!-- Generated by org.testng.reporters.JUnitReportReporter -->
<testsuite hostname="DESKTOP-027MQ7S" failures="0" tests="2" name="FrameworkTestCases.UserNameTestCases" time="0.706" errors="0" timestamp="2024-08-31T14:31:28 IST" skipped="0">
  <testcase classname="FrameworkTestCases.UserNameTestCases" name="UserName" time="0.643"/>
  <system-out/>
  <testcase classname="FrameworkTestCases.UserNameTestCases" name="Password" time="0.063"/>
  <system-out/>
</testsuite> <!-- FrameworkTestCases.UserNameTestCases -->
