<?xml version="1.0" encoding="UTF-8"?>
<!-- Generated by org.testng.reporters.JUnitReportReporter -->
<testsuite hostname="DESKTOP-027MQ7S" failures="0" tests="1" name="FrameworkTestCases.LoginTestNegetive" time="3.041" errors="0" timestamp="2024-09-21T15:21:27 IST" skipped="0">
  <testcase classname="FrameworkTestCases.LoginTestNegetive" name="LoginNegetive" time="3.041"/>
  <system-out/>
</testsuite> <!-- FrameworkTestCases.LoginTestNegetive -->
