<?xml version="1.0" encoding="UTF-8"?>
<!-- Generated by org.testng.reporters.JUnitReportReporter -->
<testsuite hostname="DESKTOP-027MQ7S" failures="0" tests="4" name="Testngnew.VerifyLogin" time="5.661" errors="0" timestamp="2024-08-08T12:07:50 IST" skipped="0">
  <testcase classname="Testngnew.VerifyLogin" name="LaunchUrl" time="5.135"/>
  <system-out/>
  <testcase classname="Testngnew.VerifyLogin" name="PageTitlename" time="0.015"/>
  <system-out/>
  <testcase classname="Testngnew.VerifyLogin" name="UsernamePresence" time="0.461"/>
  <system-out/>
  <testcase classname="Testngnew.VerifyLogin" name="passwordPresence" time="0.050"/>
  <system-out/>
</testsuite> <!-- Testngnew.VerifyLogin -->
